<?xml version="1.0" encoding="UTF-8"?>
<!-- Generated by org.testng.reporters.JUnitReportReporter -->
<testsuite skipped="0" hostname="DESKTOP-C1VSGPM" name="com.comcast.ParameterAuthentication.RequestChainingPostGetDelete" tests="1" failures="0" timestamp="01 Aug 2021 13:46:26 GMT" time="3.624" errors="0">
  <testcase name="requestChaining" time="3.624" classname="com.comcast.ParameterAuthentication.RequestChainingPostGetDelete"/>
</testsuite> <!-- com.comcast.ParameterAuthentication.RequestChainingPostGetDelete -->
