<?xml version="1.0" encoding="UTF-8"?>
<!-- Generated by org.testng.reporters.JUnitReportReporter -->
<testsuite skipped="0" hostname="DESKTOP-C1VSGPM" name="ApiTestCase.CreateTheProjectWithKeyValuePairFormData" tests="1" failures="0" timestamp="01 Aug 2021 13:05:36 GMT" time="2.485" errors="0">
  <testcase name="createTheProjectUsingFormData" time="2.485" classname="ApiTestCase.CreateTheProjectWithKeyValuePairFormData"/>
</testsuite> <!-- ApiTestCase.CreateTheProjectWithKeyValuePairFormData -->
