<?xml version="1.0" encoding="UTF-8"?>
<!-- Generated by org.testng.reporters.JUnitReportReporter -->
<testsuite skipped="0" hostname="DESKTOP-C1VSGPM" name="com.comcast.ParameterAuthentication.QueryParameter" tests="1" failures="0" timestamp="31 Jul 2021 07:18:04 GMT" time="2.383" errors="0">
  <testcase name="queryparam" time="2.383" classname="com.comcast.ParameterAuthentication.QueryParameter"/>
</testsuite> <!-- com.comcast.ParameterAuthentication.QueryParameter -->
