<?xml version="1.0" encoding="UTF-8"?>
<!-- Generated by org.testng.reporters.JUnitReportReporter -->
<testsuite skipped="0" hostname="DESKTOP-C1VSGPM" name="com.comcast.create.ValidateDynamicResponseReqRes" tests="1" failures="0" timestamp="31 Jul 2021 05:38:36 GMT" time="3.138" errors="0">
  <testcase name="dynamicResponseReqRes" time="3.138" classname="com.comcast.create.ValidateDynamicResponseReqRes"/>
</testsuite> <!-- com.comcast.create.ValidateDynamicResponseReqRes -->
