<?xml version="1.0" encoding="UTF-8"?>
<!-- Generated by org.testng.reporters.JUnitReportReporter -->
<testsuite skipped="0" hostname="DESKTOP-C1VSGPM" name="ApiTestCase.CreateTheProjectWithStatusCreated" tests="1" failures="0" timestamp="01 Aug 2021 17:59:54 GMT" time="2.719" errors="0">
  <testcase name="ProjectWithStatusCreated" time="2.719" classname="ApiTestCase.CreateTheProjectWithStatusCreated"/>
</testsuite> <!-- ApiTestCase.CreateTheProjectWithStatusCreated -->
