<?xml version="1.0" encoding="UTF-8"?>
<!-- Generated by org.testng.reporters.JUnitReportReporter -->
<testsuite skipped="0" hostname="DESKTOP-C1VSGPM" name="com.comcast.ParameterAuthentication.RequestChainingUsingPostAndDelete" tests="1" failures="0" timestamp="01 Aug 2021 13:13:43 GMT" time="3.635" errors="0">
  <testcase name="requestChainPostAndDelete" time="3.635" classname="com.comcast.ParameterAuthentication.RequestChainingUsingPostAndDelete"/>
</testsuite> <!-- com.comcast.ParameterAuthentication.RequestChainingUsingPostAndDelete -->
