<?xml version="1.0" encoding="UTF-8"?>
<!-- Generated by org.testng.reporters.JUnitReportReporter -->
<testsuite skipped="0" hostname="DESKTOP-C1VSGPM" name="com.comcast.ParameterAuthentication.Oauth2Authentication" tests="1" failures="0" timestamp="31 Jul 2021 11:13:00 GMT" time="3.924" errors="0">
  <testcase name="auth2Authentication" time="3.924" classname="com.comcast.ParameterAuthentication.Oauth2Authentication"/>
</testsuite> <!-- com.comcast.ParameterAuthentication.Oauth2Authentication -->
