<?xml version="1.0" encoding="UTF-8"?>
<!-- Generated by org.testng.reporters.JUnitReportReporter -->
<testsuite skipped="0" hostname="DESKTOP-C1VSGPM" name="Rmg.practice.Put_UpdateProject" tests="1" failures="0" timestamp="29 Jul 2021 11:46:50 GMT" time="3.096" errors="0">
  <testcase name="UpdateProjects" time="3.096" classname="Rmg.practice.Put_UpdateProject"/>
</testsuite> <!-- Rmg.practice.Put_UpdateProject -->
