<?xml version="1.0" encoding="UTF-8"?>
<!-- Generated by org.testng.reporters.JUnitReportReporter -->
<testsuite skipped="0" hostname="DESKTOP-C1VSGPM" name="Rmg.practice.Delete_oneProject" tests="1" failures="0" timestamp="29 Jul 2021 10:50:33 GMT" time="2.214" errors="0">
  <testcase name="DeleteProjects" time="2.214" classname="Rmg.practice.Delete_oneProject"/>
</testsuite> <!-- Rmg.practice.Delete_oneProject -->
