<?xml version="1.0" encoding="UTF-8"?>
<!-- Generated by org.testng.reporters.JUnitReportReporter -->
<testsuite skipped="0" hostname="DESKTOP-C1VSGPM" name="com.comcast.create.ValidateDynamicProjectTest" tests="1" failures="0" timestamp="30 Jul 2021 18:16:58 GMT" time="3.419" errors="0">
  <testcase name="dynamicResponse" time="3.419" classname="com.comcast.create.ValidateDynamicProjectTest"/>
</testsuite> <!-- com.comcast.create.ValidateDynamicProjectTest -->
