<?xml version="1.0" encoding="UTF-8"?>
<!-- Generated by org.testng.reporters.JUnitReportReporter -->
<testsuite skipped="0" hostname="DESKTOP-C1VSGPM" name="practice.bdd.create_Project_Hashmap" tests="1" failures="0" timestamp="30 Jul 2021 06:28:32 GMT" time="2.784" errors="0">
  <testcase name="postprojectHashmap" time="2.784" classname="practice.bdd.create_Project_Hashmap"/>
</testsuite> <!-- practice.bdd.create_Project_Hashmap -->
