<?xml version="1.0" encoding="UTF-8"?>
<!-- Generated by org.testng.reporters.JUnitReportReporter -->
<testsuite skipped="0" hostname="DESKTOP-C1VSGPM" name="com.comcast.create.Practice" tests="1" failures="0" timestamp="2021-08-04T19:33:03 IST" time="4.570" errors="0">
  <testcase name="practice" time="4.570" classname="com.comcast.create.Practice"/>
  <system-out/>
</testsuite> <!-- com.comcast.create.Practice -->
