<?xml version="1.0" encoding="UTF-8"?>
<!-- Generated by org.testng.reporters.JUnitReportReporter -->
<testsuite skipped="0" hostname="DESKTOP-C1VSGPM" name="com.comcast.create.CreateProjectUsingPojoTest" tests="1" failures="0" timestamp="30 Jul 2021 08:57:46 GMT" time="2.871" errors="0">
  <testcase name="createProject" time="2.871" classname="com.comcast.create.CreateProjectUsingPojoTest"/>
</testsuite> <!-- com.comcast.create.CreateProjectUsingPojoTest -->
