<?xml version="1.0" encoding="UTF-8"?>
<!-- Generated by org.testng.reporters.JUnitReportReporter -->
<testsuite skipped="0" hostname="DESKTOP-C1VSGPM" name="com.comcast.ParameterAuthentication.BasicAuthAuthentication" tests="1" failures="0" timestamp="31 Jul 2021 09:29:56 GMT" time="2.282" errors="0">
  <testcase name="basicAuth" time="2.282" classname="com.comcast.ParameterAuthentication.BasicAuthAuthentication"/>
</testsuite> <!-- com.comcast.ParameterAuthentication.BasicAuthAuthentication -->
