<?xml version="1.0" encoding="UTF-8"?>
<!-- Generated by org.testng.reporters.JUnitReportReporter -->
<testsuite skipped="0" hostname="DESKTOP-C1VSGPM" name="Rmg.practice.PostCreateProject" tests="1" failures="0" timestamp="29 Jul 2021 11:29:00 GMT" time="2.799" errors="0">
  <testcase name="createProject" time="2.799" classname="Rmg.practice.PostCreateProject"/>
</testsuite> <!-- Rmg.practice.PostCreateProject -->
