<?xml version="1.0" encoding="UTF-8"?>
<!-- Generated by org.testng.reporters.JUnitReportReporter -->
<testsuite skipped="0" hostname="DESKTOP-C1VSGPM" name="com.comcast.ParameterAuthentication.BearerAuthAuthentication" tests="1" failures="0" timestamp="31 Jul 2021 09:57:11 GMT" time="4.532" errors="0">
  <testcase name="bearerAuth" time="4.532" classname="com.comcast.ParameterAuthentication.BearerAuthAuthentication"/>
</testsuite> <!-- com.comcast.ParameterAuthentication.BearerAuthAuthentication -->
