<?xml version="1.0" encoding="UTF-8"?>
<!-- Generated by org.testng.reporters.JUnitReportReporter -->
<testsuite skipped="0" hostname="DESKTOP-C1VSGPM" name="practice.bdd.PostMethodUsingJsonFile" tests="1" failures="0" timestamp="30 Jul 2021 07:32:49 GMT" time="2.349" errors="0">
  <testcase name="postUsingJson" time="2.349" classname="practice.bdd.PostMethodUsingJsonFile"/>
</testsuite> <!-- practice.bdd.PostMethodUsingJsonFile -->
