<?xml version="1.0" encoding="UTF-8"?>
<!-- Generated by org.testng.reporters.JUnitReportReporter -->
<testsuite skipped="0" hostname="DESKTOP-C1VSGPM" name="com.comcast.create.CreateStaticResponse" tests="1" failures="0" timestamp="30 Jul 2021 13:31:50 GMT" time="3.212" errors="0">
  <testcase name="staticResponse" time="3.212" classname="com.comcast.create.CreateStaticResponse"/>
</testsuite> <!-- com.comcast.create.CreateStaticResponse -->
