<?xml version="1.0" encoding="UTF-8"?>
<!-- Generated by org.testng.reporters.JUnitReportReporter -->
<testsuite skipped="0" hostname="DESKTOP-C1VSGPM" name="com.comcast.create.CreateMultipleProjectsUsingDataprovider" tests="5" failures="0" timestamp="30 Jul 2021 12:49:19 GMT" time="2.964" errors="0">
  <testcase name="createMultipleProject" time="0.063" classname="com.comcast.create.CreateMultipleProjectsUsingDataprovider"/>
  <testcase name="createMultipleProject" time="2.570" classname="com.comcast.create.CreateMultipleProjectsUsingDataprovider"/>
  <testcase name="createMultipleProject" time="0.113" classname="com.comcast.create.CreateMultipleProjectsUsingDataprovider"/>
  <testcase name="createMultipleProject" time="0.111" classname="com.comcast.create.CreateMultipleProjectsUsingDataprovider"/>
  <testcase name="createMultipleProject" time="0.107" classname="com.comcast.create.CreateMultipleProjectsUsingDataprovider"/>
</testsuite> <!-- com.comcast.create.CreateMultipleProjectsUsingDataprovider -->
