<?xml version="1.0" encoding="UTF-8"?>
<!-- Generated by org.testng.reporters.JUnitReportReporter -->
<testsuite skipped="0" hostname="DESKTOP-C1VSGPM" name="com.comcast.create.ValidateDynamicProject" tests="1" failures="0" timestamp="30 Jul 2021 17:05:45 GMT" time="3.521" errors="0">
  <testcase name="dynamicResponse" time="3.521" classname="com.comcast.create.ValidateDynamicProject"/>
</testsuite> <!-- com.comcast.create.ValidateDynamicProject -->
