<?xml version="1.0" encoding="UTF-8"?>
<!-- Generated by org.testng.reporters.JUnitReportReporter -->
<testsuite skipped="0" hostname="DESKTOP-C1VSGPM" name="com.TY.RMG.Projects.CraeteProjectWithCreateStatusAndValidateInDB" tests="1" failures="0" timestamp="02 Aug 2021 09:30:02 GMT" time="3.565" errors="0">
  <testcase name="craeteProjectWithCreateStatusAndValidateInDB" time="3.565" classname="com.TY.RMG.Projects.CraeteProjectWithCreateStatusAndValidateInDB"/>
</testsuite> <!-- com.TY.RMG.Projects.CraeteProjectWithCreateStatusAndValidateInDB -->
