<?xml version="1.0" encoding="UTF-8"?>
<!-- Generated by org.testng.reporters.JUnitReportReporter -->
<testsuite skipped="0" hostname="DESKTOP-C1VSGPM" name="practice.bdd.Put_ProjectBdd" tests="1" failures="0" timestamp="29 Jul 2021 12:56:19 GMT" time="2.907" errors="0">
  <testcase name="updateProject" time="2.907" classname="practice.bdd.Put_ProjectBdd"/>
</testsuite> <!-- practice.bdd.Put_ProjectBdd -->
