<?xml version="1.0" encoding="UTF-8"?>
<!-- Generated by org.testng.reporters.JUnitReportReporter -->
<testsuite skipped="0" hostname="DESKTOP-C1VSGPM" name="practice.bdd.PostCreateProject" tests="1" failures="0" timestamp="29 Jul 2021 12:37:08 GMT" time="2.649" errors="0">
  <testcase name="createProject" time="2.649" classname="practice.bdd.PostCreateProject"/>
</testsuite> <!-- practice.bdd.PostCreateProject -->
