<?xml version="1.0" encoding="UTF-8"?>
<!-- Generated by org.testng.reporters.JUnitReportReporter -->
<testsuite skipped="0" hostname="DESKTOP-C1VSGPM" name="com.comcast.ParameterAuthentication.PathParameter" tests="1" failures="0" timestamp="31 Jul 2021 06:37:08 GMT" time="2.245" errors="0">
  <testcase name="pathParam" time="2.245" classname="com.comcast.ParameterAuthentication.PathParameter"/>
</testsuite> <!-- com.comcast.ParameterAuthentication.PathParameter -->
