<?xml version="1.0" encoding="UTF-8"?>
<!-- Generated by org.testng.reporters.JUnitReportReporter -->
<testsuite skipped="0" hostname="DESKTOP-C1VSGPM" name="com.comcast.ParameterAuthentication.RequestChainPostGetPutDelete" tests="1" failures="0" timestamp="01 Aug 2021 07:26:12 GMT" time="4.054" errors="0">
  <testcase name="RequestChainingPGPD" time="4.054" classname="com.comcast.ParameterAuthentication.RequestChainPostGetPutDelete"/>
</testsuite> <!-- com.comcast.ParameterAuthentication.RequestChainPostGetPutDelete -->
