<?xml version="1.0" encoding="UTF-8"?>
<!-- Generated by org.testng.reporters.JUnitReportReporter -->
<testsuite skipped="0" hostname="DESKTOP-C1VSGPM" name="com.TY.RMG.Projects.GetProjectVerifyDeleteAndVerifyTest" tests="1" failures="0" timestamp="02 Aug 2021 09:23:41 GMT" time="3.506" errors="0">
  <testcase name="getProjectVerifyDeleteAndVerifyTest" time="3.506" classname="com.TY.RMG.Projects.GetProjectVerifyDeleteAndVerifyTest"/>
</testsuite> <!-- com.TY.RMG.Projects.GetProjectVerifyDeleteAndVerifyTest -->
