<?xml version="1.0" encoding="UTF-8"?>
<!-- Generated by org.testng.reporters.JUnitReportReporter -->
<testsuite skipped="0" hostname="DESKTOP-C1VSGPM" name="com.comcast.ParameterAuthentication.RequestChain" tests="1" failures="0" timestamp="01 Aug 2021 04:32:15 GMT" time="3.289" errors="0">
  <testcase name="requestChaining" time="3.289" classname="com.comcast.ParameterAuthentication.RequestChain"/>
</testsuite> <!-- com.comcast.ParameterAuthentication.RequestChain -->
