<?xml version="1.0" encoding="UTF-8"?>
<!-- Generated by org.testng.reporters.JUnitReportReporter -->
<testsuite skipped="0" hostname="DESKTOP-C1VSGPM" name="practice.bdd.Delete_ProjectBdd" tests="1" failures="0" timestamp="29 Jul 2021 12:46:39 GMT" time="2.423" errors="0">
  <testcase name="deletepeoject" time="2.423" classname="practice.bdd.Delete_ProjectBdd"/>
</testsuite> <!-- practice.bdd.Delete_ProjectBdd -->
