<?xml version="1.0" encoding="UTF-8"?>
<!-- Generated by org.testng.reporters.JUnitReportReporter -->
<testsuite skipped="0" hostname="DESKTOP-C1VSGPM" name="practice.bdd.PutMethodusingjsonfile" tests="1" failures="0" timestamp="30 Jul 2021 07:35:50 GMT" time="2.644" errors="0">
  <testcase name="putusingjson" time="2.644" classname="practice.bdd.PutMethodusingjsonfile"/>
</testsuite> <!-- practice.bdd.PutMethodusingjsonfile -->
