<?xml version="1.0" encoding="UTF-8"?>
<!-- Generated by org.testng.reporters.JUnitReportReporter -->
<testsuite skipped="0" hostname="DESKTOP-C1VSGPM" name="practice.bdd.GetProject" tests="1" failures="0" timestamp="29 Jul 2021 12:22:01 GMT" time="2.451" errors="0">
  <testcase name="getproject" time="2.451" classname="practice.bdd.GetProject"/>
</testsuite> <!-- practice.bdd.GetProject -->
