<?xml version="1.0" encoding="UTF-8"?>
<!-- Generated by org.testng.reporters.JUnitReportReporter -->
<testsuite skipped="0" hostname="DESKTOP-C1VSGPM" name="Rmg.practice.Get_allProjects" tests="1" failures="0" timestamp="29 Jul 2021 10:46:04 GMT" time="2.402" errors="0">
  <testcase name="getallprojects" time="2.402" classname="Rmg.practice.Get_allProjects"/>
</testsuite> <!-- Rmg.practice.Get_allProjects -->
