<?xml version="1.0" encoding="UTF-8"?>
<!-- Generated by org.testng.reporters.JUnitReportReporter -->
<testsuite skipped="0" hostname="DESKTOP-C1VSGPM" name="com.comcast.create.ValidateStaticResponseinReqResTest" tests="1" failures="0" timestamp="30 Jul 2021 18:07:47 GMT" time="3.920" errors="0">
  <testcase name="staticResponse" time="3.920" classname="com.comcast.create.ValidateStaticResponseinReqResTest"/>
</testsuite> <!-- com.comcast.create.ValidateStaticResponseinReqResTest -->
